<?xml version="1.0" encoding="UTF-8"?>
<testsuite xmlns:xsi="http://www.w3.org/2001/XMLSchema-instance" xsi:noNamespaceSchemaLocation="https://maven.apache.org/surefire/maven-surefire-plugin/xsd/surefire-test-report-3.0.xsd" version="3.0" name="LoadBalancingTest" time="0.11" tests="7" errors="0" skipped="0" failures="0">
  <properties>
    <property name="java.specification.version" value="21"/>
    <property name="sun.cpu.isalist" value="amd64"/>
    <property name="sun.jnu.encoding" value="MS949"/>
    <property name="java.class.path" value="C:\Programming\CS 2040S\ps2\target\test-classes;C:\Programming\CS 2040S\ps2\target\classes;C:\Users\chooc\.m2\repository\junit\junit\4.13.2\junit-4.13.2.jar;C:\Users\chooc\.m2\repository\org\hamcrest\hamcrest-core\1.3\hamcrest-core-1.3.jar;"/>
    <property name="java.vm.vendor" value="Eclipse Adoptium"/>
    <property name="sun.arch.data.model" value="64"/>
    <property name="user.variant" value=""/>
    <property name="java.vendor.url" value="https://adoptium.net/"/>
    <property name="user.timezone" value="Asia/Singapore"/>
    <property name="os.name" value="Windows 11"/>
    <property name="java.vm.specification.version" value="21"/>
    <property name="sun.java.launcher" value="SUN_STANDARD"/>
    <property name="user.country" value="US"/>
    <property name="sun.boot.library.path" value="C:\Program Files\Eclipse Adoptium\jdk-21.0.5.11-hotspot\bin"/>
    <property name="sun.java.command" value="C:\Users\chooc\AppData\Local\Temp\surefire16276922557543469578\surefirebooter-20250125201113836_3.jar C:\Users\chooc\AppData\Local\Temp\surefire16276922557543469578 2025-01-25T20-11-13_477-jvmRun1 surefire-20250125201113836_1tmp surefire_0-20250125201113836_2tmp"/>
    <property name="jdk.debug" value="release"/>
    <property name="surefire.test.class.path" value="C:\Programming\CS 2040S\ps2\target\test-classes;C:\Programming\CS 2040S\ps2\target\classes;C:\Users\chooc\.m2\repository\junit\junit\4.13.2\junit-4.13.2.jar;C:\Users\chooc\.m2\repository\org\hamcrest\hamcrest-core\1.3\hamcrest-core-1.3.jar;"/>
    <property name="sun.cpu.endian" value="little"/>
    <property name="user.home" value="C:\Users\chooc"/>
    <property name="user.language" value="en"/>
    <property name="java.specification.vendor" value="Oracle Corporation"/>
    <property name="java.version.date" value="2024-10-15"/>
    <property name="java.home" value="C:\Program Files\Eclipse Adoptium\jdk-21.0.5.11-hotspot"/>
    <property name="file.separator" value="\"/>
    <property name="basedir" value="C:\Programming\CS 2040S\ps2"/>
    <property name="java.vm.compressedOopsMode" value="Zero based"/>
    <property name="line.separator" value="&#10;"/>
    <property name="java.vm.specification.vendor" value="Oracle Corporation"/>
    <property name="java.specification.name" value="Java Platform API Specification"/>
    <property name="surefire.real.class.path" value="C:\Users\chooc\AppData\Local\Temp\surefire16276922557543469578\surefirebooter-20250125201113836_3.jar"/>
    <property name="user.script" value=""/>
    <property name="sun.management.compiler" value="HotSpot 64-Bit Tiered Compilers"/>
    <property name="java.runtime.version" value="21.0.5+11-LTS"/>
    <property name="user.name" value="chooc"/>
    <property name="stdout.encoding" value="MS949"/>
    <property name="path.separator" value=";"/>
    <property name="os.version" value="10.0"/>
    <property name="java.runtime.name" value="OpenJDK Runtime Environment"/>
    <property name="file.encoding" value="UTF-8"/>
    <property name="java.vm.name" value="OpenJDK 64-Bit Server VM"/>
    <property name="java.vendor.version" value="Temurin-21.0.5+11"/>
    <property name="localRepository" value="C:\Users\chooc\.m2\repository"/>
    <property name="java.vendor.url.bug" value="https://github.com/adoptium/adoptium-support/issues"/>
    <property name="java.io.tmpdir" value="C:\Users\chooc\AppData\Local\Temp\"/>
    <property name="java.version" value="21.0.5"/>
    <property name="user.dir" value="C:\Programming\CS 2040S\ps2"/>
    <property name="os.arch" value="amd64"/>
    <property name="java.vm.specification.name" value="Java Virtual Machine Specification"/>
    <property name="sun.os.patch.level" value=""/>
    <property name="native.encoding" value="MS949"/>
    <property name="java.library.path" value="C:\Program Files\Eclipse Adoptium\jdk-21.0.5.11-hotspot\bin;C:\WINDOWS\Sun\Java\bin;C:\WINDOWS\system32;C:\WINDOWS;C:\Program Files\Eclipse Adoptium\jdk-21.0.5.11-hotspot\bin;C:\Program Files\Common Files\Oracle\Java\javapath;C:\WINDOWS\system32;C:\WINDOWS;C:\WINDOWS\System32\Wbem;C:\WINDOWS\System32\WindowsPowerShell\v1.0\;C:\WINDOWS\System32\OpenSSH\;C:\Program Files\Git\cmd;C:\Program Files\nodejs\;C:\MinGW\bin;C:\Python;C:\Python\Scripts;C:\Program Files\MATLAB\R2024b\bin;C:\Program Files\apache-maven-3.9.9\bin;C:\python\Scripts\;C:\python\;C:\Users\chooc\AppData\Local\Programs\Python\Python312\Scripts\;C:\Users\chooc\AppData\Local\Programs\Python\Python312\;C:\Users\chooc\AppData\Local\Programs\Python\Launcher\;C:\Ruby32\bin;C:\Users\chooc\AppData\Local\Microsoft\WindowsApps;;C:\Users\chooc\AppData\Local\Programs\Microsoft VS Code\bin;C:\Users\chooc\AppData\Roaming\npm;."/>
    <property name="java.vm.info" value="mixed mode, sharing"/>
    <property name="stderr.encoding" value="MS949"/>
    <property name="java.vendor" value="Eclipse Adoptium"/>
    <property name="java.vm.version" value="21.0.5+11-LTS"/>
    <property name="sun.io.unicode.encoding" value="UnicodeLittle"/>
    <property name="java.class.version" value="65.0"/>
  </properties>
  <testcase name="testFindLoad1" classname="LoadBalancingTest" time="0.009"/>
  <testcase name="testFindLoad2" classname="LoadBalancingTest" time="0.0"/>
  <testcase name="testFindLoad3" classname="LoadBalancingTest" time="0.0"/>
  <testcase name="testFindLoad4" classname="LoadBalancingTest" time="0.0"/>
  <testcase name="testFindLoad5" classname="LoadBalancingTest" time="0.0"/>
  <testcase name="testIsFeasibleLoad1" classname="LoadBalancingTest" time="0.0"/>
  <testcase name="testIsFeasibleLoad2" classname="LoadBalancingTest" time="0.0"/>
</testsuite>